Performing C SOURCE FILE Test HAVE_FLOCK_T failed with the following output:
Change Dir: /home/test/Fuzzer/github/fuzzing_targets/cfitsio/cfitsio-4.1.0/cfitsio-4.1.0/build/CMakeFiles/CMakeTmp

Run Build Command(s):/usr/bin/gmake -f Makefile cmTC_01780/fast && /usr/bin/gmake  -f CMakeFiles/cmTC_01780.dir/build.make CMakeFiles/cmTC_01780.dir/build
gmake[1]: 进入目录“/home/test/Fuzzer/github/fuzzing_targets/cfitsio/cfitsio-4.1.0/cfitsio-4.1.0/build/CMakeFiles/CMakeTmp”
Building C object CMakeFiles/cmTC_01780.dir/src.c.o
/usr/local/bin/afl-cc -DHAVE_FLOCK_T  -fsanitize=address -w  -MD -MT CMakeFiles/cmTC_01780.dir/src.c.o -MF CMakeFiles/cmTC_01780.dir/src.c.o.d -o CMakeFiles/cmTC_01780.dir/src.c.o -c /home/test/Fuzzer/github/fuzzing_targets/cfitsio/cfitsio-4.1.0/cfitsio-4.1.0/build/CMakeFiles/CMakeTmp/src.c
/home/test/Fuzzer/github/fuzzing_targets/cfitsio/cfitsio-4.1.0/cfitsio-4.1.0/build/CMakeFiles/CMakeTmp/src.c:2:14: fatal error: 'sys/flock.h' file not found
    #include <sys/flock.h>
             ^~~~~~~~~~~~~
1 error generated.
gmake[1]: *** [CMakeFiles/cmTC_01780.dir/build.make:79：CMakeFiles/cmTC_01780.dir/src.c.o] 错误 1
gmake[1]: 离开目录“/home/test/Fuzzer/github/fuzzing_targets/cfitsio/cfitsio-4.1.0/cfitsio-4.1.0/build/CMakeFiles/CMakeTmp”
gmake: *** [Makefile:127：cmTC_01780/fast] 错误 2


Source file was:

    #include <sys/flock.h>
    int main() {
      flock_t filler;
      return 0;
    }
Performing C SOURCE FILE Test HAVE_UNION_SEMUN failed with the following output:
Change Dir: /home/test/Fuzzer/github/fuzzing_targets/cfitsio/cfitsio-4.1.0/cfitsio-4.1.0/build/CMakeFiles/CMakeTmp

Run Build Command(s):/usr/bin/gmake -f Makefile cmTC_17bf1/fast && /usr/bin/gmake  -f CMakeFiles/cmTC_17bf1.dir/build.make CMakeFiles/cmTC_17bf1.dir/build
gmake[1]: 进入目录“/home/test/Fuzzer/github/fuzzing_targets/cfitsio/cfitsio-4.1.0/cfitsio-4.1.0/build/CMakeFiles/CMakeTmp”
Building C object CMakeFiles/cmTC_17bf1.dir/src.c.o
/usr/local/bin/afl-cc -DHAVE_UNION_SEMUN  -fsanitize=address -w  -MD -MT CMakeFiles/cmTC_17bf1.dir/src.c.o -MF CMakeFiles/cmTC_17bf1.dir/src.c.o.d -o CMakeFiles/cmTC_17bf1.dir/src.c.o -c /home/test/Fuzzer/github/fuzzing_targets/cfitsio/cfitsio-4.1.0/cfitsio-4.1.0/build/CMakeFiles/CMakeTmp/src.c
/home/test/Fuzzer/github/fuzzing_targets/cfitsio/cfitsio-4.1.0/cfitsio-4.1.0/build/CMakeFiles/CMakeTmp/src.c:6:19: error: variable has incomplete type 'union semun'
      union semun filler;
                  ^
/home/test/Fuzzer/github/fuzzing_targets/cfitsio/cfitsio-4.1.0/cfitsio-4.1.0/build/CMakeFiles/CMakeTmp/src.c:6:13: note: forward declaration of 'union semun'
      union semun filler;
            ^
1 error generated.
gmake[1]: *** [CMakeFiles/cmTC_17bf1.dir/build.make:79：CMakeFiles/cmTC_17bf1.dir/src.c.o] 错误 1
gmake[1]: 离开目录“/home/test/Fuzzer/github/fuzzing_targets/cfitsio/cfitsio-4.1.0/cfitsio-4.1.0/build/CMakeFiles/CMakeTmp”
gmake: *** [Makefile:127：cmTC_17bf1/fast] 错误 2


Source file was:

    #include <sys/ipc.h>
    #include <sys/shm.h>
    #include <sys/sem.h>
    int main() {
      union semun filler;
      return 0;
    }
